<?xml version="1.0" encoding="UTF-8"?>
<testng-results ignored="0" total="1" passed="1" failed="0" skipped="0">
  <reporter-output>
  </reporter-output>
  <suite started-at="2023-04-02T16:09:57Z" name="BDD Test Suite" finished-at="2023-04-02T16:10:09Z" duration-ms="12382">
    <groups>
      <group name="cucumber">
        <method signature="TestRunner.feature(cucumber.api.testng.CucumberFeatureWrapper)[pri:0, instance:MyRunner.TestRunner@6b1274d2]" name="feature" class="MyRunner.TestRunner"/>
      </group> <!-- cucumber -->
    </groups>
    <test started-at="2023-04-02T16:09:57Z" name="Adidas Login Test" finished-at="2023-04-02T16:10:09Z" duration-ms="12382">
      <class name="MyRunner.TestRunner">
        <test-method is-config="true" signature="setUpClass()[pri:0, instance:MyRunner.TestRunner@6b1274d2]" started-at="2023-04-02T16:09:57Z" name="setUpClass" finished-at="2023-04-02T16:09:57Z" duration-ms="277" status="PASS">
          <reporter-output>
          </reporter-output>
        </test-method> <!-- setUpClass -->
        <test-method signature="feature(cucumber.api.testng.CucumberFeatureWrapper)[pri:0, instance:MyRunner.TestRunner@6b1274d2]" started-at="2023-04-02T16:09:57Z" name="feature" description="Runs Cucumber Feature" data-provider="features" finished-at="2023-04-02T16:10:09Z" duration-ms="11971" status="PASS">
          <params>
            <param index="0">
              <value>
                <![CDATA[Adidas Login]]>
              </value>
            </param>
          </params>
          <reporter-output>
          </reporter-output>
        </test-method> <!-- feature -->
        <test-method is-config="true" signature="tearDownClass()[pri:0, instance:MyRunner.TestRunner@6b1274d2]" started-at="2023-04-02T16:10:09Z" name="tearDownClass" finished-at="2023-04-02T16:10:09Z" duration-ms="21" status="PASS">
          <reporter-output>
          </reporter-output>
        </test-method> <!-- tearDownClass -->
      </class> <!-- MyRunner.TestRunner -->
    </test> <!-- Adidas Login Test -->
  </suite> <!-- BDD Test Suite -->
</testng-results>
